This is pdfTeX, Version 3.14159265-2.6-1.40.18 (TeX Live 2017/Debian) (preloaded format=pdflatex 2019.1.28)  28 JAN 2019 22:46
entering extended mode
 restricted \write18 enabled.
 %&-line parsing enabled.
**pre_resumos.tex
(./pre_resumos.tex
LaTeX2e <2017-04-15>
Babel <3.18> and hyphenation patterns for 6 language(s) loaded.
! Undefined control sequence.
<argument> \absparsep 
                      
l.2 \setlength{\absparsep}{18pt}
                                 % ajusta o espaçamento dos parágrafos do ...
The control sequence at the end of the top line
of your error message was never \def'ed. If you have
misspelled it (e.g., `\hobx'), type `I' and the correct
spelling (e.g., `I\hbox'). Otherwise just continue,
and I'll forget about whatever was undefined.


! LaTeX Error: Missing \begin{document}.

See the LaTeX manual or LaTeX Companion for explanation.
Type  H <return>  for immediate help.
 ...                                              
                                                  
l.2 \setlength{\absparsep}{18pt}
                                 % ajusta o espaçamento dos parágrafos do ...

You're in trouble here.  Try typing  <return>  to proceed.
If that doesn't work, type  X <return>  to quit.

Missing character: There is no 1 in font nullfont!
Missing character: There is no 8 in font nullfont!
Missing character: There is no p in font nullfont!
Missing character: There is no t in font nullfont!

! LaTeX Error: Environment resumo undefined.

See the LaTeX manual or LaTeX Companion for explanation.
Type  H <return>  for immediate help.
 ...                                              
                                                  
l.4 \begin{resumo}
                  
Your command was ignored.
Type  I <command> <return>  to replace it with another command,
or  <return>  to continue without it.

Missing character: There is no A in font nullfont!
Missing character: There is no ( in font nullfont!
Missing character: There is no I in font nullfont!
Missing character: There is no o in font nullfont!
Missing character: There is no T in font nullfont!
Missing character: There is no ) in font nullfont!
Missing character: There is no e in font nullfont!
Missing character: There is no s in font nullfont!
Missing character: There is no t in font nullfont!
LaTeX Font Info:    Try loading font information for +cmr on input line 5.
LaTeX Font Info:    No file cmr.fd. on input line 5.

LaTeX Font Warning: Font shape `/cmr/m/n' undefined
(Font)              using `/cmr/m/n' instead on input line 5.

! Corrupted NFSS tables.
wrong@fontshape ...message {Corrupted NFSS tables}
                                                  error@fontshape else let f...
l.5 A \emph{Internet of Things} (IoT) est\'a
                                             diretamente conectada \`a inova...
This error message was generated by an \errmessage
command, so I can't give any explicit help.
Pretend that you're Hercule Poirot: Examine all clues,
and deduce the truth by order and method.


LaTeX Font Warning: Font shape `/cmr/m/n' undefined
(Font)              using `OT1/cmr/m/n' instead on input line 5.

Missing character: There is no d in font nullfont!
Missing character: There is no i in font nullfont!
Missing character: There is no r in font nullfont!
Missing character: There is no e in font nullfont!
Missing character: There is no t in font nullfont!
Missing character: There is no a in font nullfont!
Missing character: There is no m in font nullfont!
Missing character: There is no e in font nullfont!
Missing character: There is no n in font nullfont!
Missing character: There is no t in font nullfont!
Missing character: There is no e in font nullfont!
Missing character: There is no c in font nullfont!
Missing character: There is no o in font nullfont!
Missing character: There is no n in font nullfont!
Missing character: There is no e in font nullfont!
Missing character: There is no c in font nullfont!
Missing character: There is no t in font nullfont!
Missing character: There is no a in font nullfont!
Missing character: There is no d in font nullfont!
Missing character: There is no a in font nullfont!
Missing character: There is no i in font nullfont!
Missing character: There is no n in font nullfont!
Missing character: There is no o in font nullfont!
Missing character: There is no v in font nullfont!
Missing character: There is no a in font nullfont!
Missing character: There is no e in font nullfont!
Missing character: There is no s in font nullfont!
Missing character: There is no t in font nullfont!
Missing character: There is no e in font nullfont!
Missing character: There is no c in font nullfont!
Missing character: There is no n in font nullfont!
Missing character: There is no o in font nullfont!
Missing character: There is no l in font nullfont!
Missing character: There is no g in font nullfont!
Missing character: There is no i in font nullfont!
Missing character: There is no c in font nullfont!
Missing character: There is no a in font nullfont!
Missing character: There is no s in font nullfont!
Missing character: There is no e in font nullfont!
Missing character: There is no m in font nullfont!
Missing character: There is no d in font nullfont!
Missing character: There is no i in font nullfont!
Missing character: There is no v in font nullfont!
Missing character: There is no e in font nullfont!
Missing character: There is no r in font nullfont!
Missing character: There is no s in font nullfont!
Missing character: There is no a in font nullfont!
Missing character: There is no s in font nullfont!
Missing character: There is no r in font nullfont!
Missing character: There is no e in font nullfont!
Missing character: There is no a in font nullfont!
Missing character: There is no s in font nullfont!
Missing character: There is no , in font nullfont!
Missing character: There is no l in font nullfont!
Missing character: There is no o in font nullfont!
Missing character: There is no g in font nullfont!
Missing character: There is no o in font nullfont!
Missing character: There is no , in font nullfont!
Missing character: There is no a in font nullfont!
Missing character: There is no r in font nullfont!
Missing character: There is no e in font nullfont!
Missing character: There is no a in font nullfont!
Missing character: There is no d in font nullfont!
Missing character: There is no e in font nullfont!
Missing character: There is no i in font nullfont!
Missing character: There is no r in font nullfont!
Missing character: There is no c in font nullfont!
Missing character: There is no r in font nullfont!
Missing character: There is no e in font nullfont!
Missing character: There is no s in font nullfont!
Missing character: There is no c in font nullfont!
Missing character: There is no e in font nullfont!
Missing character: There is no r in font nullfont!
Missing character: There is no s in font nullfont!
Missing character: There is no i in font nullfont!
Missing character: There is no g in font nullfont!
Missing character: There is no n in font nullfont!
Missing character: There is no i in font nullfont!
Missing character: There is no f in font nullfont!
Missing character: There is no i in font nullfont!
Missing character: There is no c in font nullfont!
Missing character: There is no a in font nullfont!
Missing character: There is no n in font nullfont!
Missing character: There is no t in font nullfont!
Missing character: There is no e in font nullfont!
Missing character: There is no m in font nullfont!
Missing character: There is no e in font nullfont!
Missing character: There is no n in font nullfont!
Missing character: There is no t in font nullfont!
Missing character: There is no e in font nullfont!
Missing character: There is no e in font nullfont!
Missing character: There is no i in font nullfont!
Missing character: There is no s in font nullfont!
Missing character: There is no s in font nullfont!
Missing character: There is no o in font nullfont!
Missing character: There is no g in font nullfont!
Missing character: There is no e in font nullfont!
Missing character: There is no r in font nullfont!
Missing character: There is no a in font nullfont!
Missing character: There is no a in font nullfont!
Missing character: There is no n in font nullfont!
Missing character: There is no e in font nullfont!
Missing character: There is no c in font nullfont!
Missing character: There is no e in font nullfont!
Missing character: There is no s in font nullfont!
Missing character: There is no s in font nullfont!
Missing character: There is no i in font nullfont!
Missing character: There is no d in font nullfont!
Missing character: There is no a in font nullfont!
Missing character: There is no d in font nullfont!
Missing character: There is no e in font nullfont!
Missing character: There is no d in font nullfont!
Missing character: There is no e in font nullfont!
Missing character: There is no u in font nullfont!
Missing character: There is no m in font nullfont!
Missing character: There is no a in font nullfont!
Missing character: There is no a in font nullfont!
Missing character: There is no t in font nullfont!
Missing character: There is no e in font nullfont!
Missing character: There is no n in font nullfont!
Missing character: There is no o in font nullfont!
Missing character: There is no e in font nullfont!
Missing character: There is no s in font nullfont!
Missing character: There is no p in font nullfont!
Missing character: There is no e in font nullfont!
Missing character: There is no c in font nullfont!
Missing character: There is no i in font nullfont!
Missing character: There is no a in font nullfont!
Missing character: There is no l in font nullfont!
Missing character: There is no c in font nullfont!
Missing character: There is no o in font nullfont!
Missing character: There is no m in font nullfont!
Missing character: There is no a in font nullfont!
Missing character: There is no s in font nullfont!
Missing character: There is no e in font nullfont!
Missing character: There is no g in font nullfont!
Missing character: There is no u in font nullfont!
Missing character: There is no r in font nullfont!
Missing character: There is no a in font nullfont!
Missing character: There is no n in font nullfont!
Missing character: There is no a in font nullfont!
Missing character: There is no n in font nullfont!
Missing character: There is no e in font nullfont!
Missing character: There is no s in font nullfont!
Missing character: There is no s in font nullfont!
Missing character: There is no a in font nullfont!
Missing character: There is no s in font nullfont!
Missing character: There is no r in font nullfont!
Missing character: There is no e in font nullfont!
Missing character: There is no d in font nullfont!
Missing character: There is no e in font nullfont!
Missing character: There is no s in font nullfont!
Missing character: There is no . in font nullfont!
Missing character: There is no A in font nullfont!
Missing character: There is no s in font nullfont!
Missing character: There is no r in font nullfont!
Missing character: There is no e in font nullfont!
Missing character: There is no d in font nullfont!
Missing character: There is no e in font nullfont!
Missing character: There is no s in font nullfont!
Missing character: There is no s in font nullfont!
Missing character: There is no o in font nullfont!
Missing character: There is no v in font nullfont!
Missing character: There is no u in font nullfont!
Missing character: There is no l in font nullfont!
Missing character: There is no n in font nullfont!
Missing character: There is no e in font nullfont!
Missing character: There is no r in font nullfont!
Missing character: There is no v in font nullfont!
Missing character: There is no e in font nullfont!
Missing character: There is no i in font nullfont!
Missing character: There is no s in font nullfont!
Missing character: There is no e in font nullfont!
Missing character: There is no s in font nullfont!
Missing character: There is no u in font nullfont!
Missing character: There is no s in font nullfont!
Missing character: There is no c in font nullfont!
Missing character: There is no e in font nullfont!
Missing character: There is no t in font nullfont!
Missing character: There is no v in font nullfont!
Missing character: There is no e in font nullfont!
Missing character: There is no i in font nullfont!
Missing character: There is no s in font nullfont!
Missing character: There is no a in font nullfont!
Missing character: There is no t in font nullfont!
Missing character: There is no a in font nullfont!
Missing character: There is no q in font nullfont!
Missing character: There is no u in font nullfont!
Missing character: There is no e in font nullfont!
Missing character: There is no s in font nullfont!
Missing character: There is no , in font nullfont!
Missing character: There is no l in font nullfont!
Missing character: There is no o in font nullfont!
Missing character: There is no g in font nullfont!
Missing character: There is no o in font nullfont!
Missing character: There is no s in font nullfont!
Missing character: There is no e in font nullfont!
Missing character: There is no n in font nullfont!
Missing character: There is no o in font nullfont!
Missing character: There is no f in font nullfont!
Missing character: There is no o in font nullfont!
Missing character: There is no r in font nullfont!
Missing character: There is no e in font nullfont!
Missing character: There is no m in font nullfont!
Missing character: There is no t in font nullfont!
Missing character: There is no o in font nullfont!
Missing character: There is no m in font nullfont!
Missing character: There is no a in font nullfont!
Missing character: There is no d in font nullfont!
Missing character: There is no a in font nullfont!
Missing character: There is no s in font nullfont!
Missing character: There is no m in font nullfont!
Missing character: There is no e in font nullfont!
Missing character: There is no d in font nullfont!
Missing character: There is no i in font nullfont!
Missing character: There is no d in font nullfont!
Missing character: There is no a in font nullfont!
Missing character: There is no s in font nullfont!
Missing character: There is no a in font nullfont!
Missing character: There is no f in font nullfont!
Missing character: There is no i in font nullfont!
Missing character: There is no m in font nullfont!
Missing character: There is no d in font nullfont!
Missing character: There is no e in font nullfont!
Missing character: There is no g in font nullfont!
Missing character: There is no a in font nullfont!
Missing character: There is no r in font nullfont!
Missing character: There is no a in font nullfont!
Missing character: There is no n in font nullfont!
Missing character: There is no t in font nullfont!
Missing character: There is no i in font nullfont!
Missing character: There is no r in font nullfont!
Missing character: There is no a in font nullfont!
Missing character: There is no s in font nullfont!
Missing character: There is no e in font nullfont!
Missing character: There is no g in font nullfont!
Missing character: There is no u in font nullfont!
Missing character: There is no r in font nullfont!
Missing character: There is no a in font nullfont!
Missing character: There is no n in font nullfont!
Missing character: There is no a in font nullfont!
Missing character: There is no d in font nullfont!
Missing character: There is no e in font nullfont!
Missing character: There is no s in font nullfont!
Missing character: There is no t in font nullfont!
Missing character: There is no a in font nullfont!
Missing character: There is no s in font nullfont!
Missing character: There is no r in font nullfont!
Missing character: There is no e in font nullfont!
Missing character: There is no d in font nullfont!
Missing character: There is no e in font nullfont!
Missing character: There is no s in font nullfont!
Missing character: There is no , in font nullfont!
Missing character: There is no a in font nullfont!
Missing character: There is no s in font nullfont!
Missing character: There is no m in font nullfont!
Missing character: There is no e in font nullfont!
Missing character: There is no s in font nullfont!
Missing character: There is no m in font nullfont!
Missing character: There is no a in font nullfont!
Missing character: There is no s in font nullfont!
Missing character: There is no p in font nullfont!
Missing character: There is no o in font nullfont!
Missing character: There is no d in font nullfont!
Missing character: There is no e in font nullfont!
Missing character: There is no r in font nullfont!
Missing character: There is no o in font nullfont!
Missing character: There is no f in font nullfont!
Missing character: There is no i in font nullfont!
Missing character: There is no c in font nullfont!
Missing character: There is no a in font nullfont!
Missing character: There is no r in font nullfont!
Missing character: There is no i in font nullfont!
Missing character: There is no n in font nullfont!
Missing character: There is no d in font nullfont!
Missing character: There is no i in font nullfont!
Missing character: There is no s in font nullfont!
Missing character: There is no p in font nullfont!
Missing character: There is no o in font nullfont!
Missing character: There is no n in font nullfont!
Missing character: There is no v in font nullfont!
Missing character: There is no e in font nullfont!
Missing character: There is no i in font nullfont!
Missing character: There is no s in font nullfont!
Missing character: There is no e in font nullfont!
Missing character: There is no c in font nullfont!
Missing character: There is no o in font nullfont!
Missing character: There is no n in font nullfont!
Missing character: There is no s in font nullfont!
Missing character: There is no e in font nullfont!
Missing character: There is no q in font nullfont!
Missing character: There is no u in font nullfont!
Missing character: There is no e in font nullfont!
Missing character: There is no n in font nullfont!
Missing character: There is no t in font nullfont!
Missing character: There is no e in font nullfont!
Missing character: There is no m in font nullfont!
Missing character: There is no e in font nullfont!
Missing character: There is no n in font nullfont!
Missing character: There is no t in font nullfont!
Missing character: There is no e in font nullfont!
Missing character: There is no d in font nullfont!
Missing character: There is no e in font nullfont!
Missing character: There is no i in font nullfont!
Missing character: There is no x in font nullfont!
Missing character: There is no a in font nullfont!
Missing character: There is no r in font nullfont!
Missing character: There is no p in font nullfont!
Missing character: There is no r in font nullfont!
Missing character: There is no e in font nullfont!
Missing character: There is no j in font nullfont!
Missing character: There is no u in font nullfont!
Missing character: There is no z in font nullfont!
Missing character: There is no o in font nullfont!
Missing character: There is no s in font nullfont!
Missing character: There is no p in font nullfont!
Missing character: There is no a in font nullfont!
Missing character: There is no r in font nullfont!
Missing character: There is no a in font nullfont!
Missing character: There is no e in font nullfont!
Missing character: There is no m in font nullfont!
Missing character: There is no p in font nullfont!
Missing character: There is no r in font nullfont!
Missing character: There is no e in font nullfont!
Missing character: There is no s in font nullfont!
Missing character: There is no a in font nullfont!
Missing character: There is no s in font nullfont!
Missing character: There is no q in font nullfont!
Missing character: There is no u in font nullfont!
Missing character: There is no e in font nullfont!
Missing character: There is no u in font nullfont!
Missing character: There is no t in font nullfont!
Missing character: There is no i in font nullfont!
Missing character: There is no l in font nullfont!
Missing character: There is no i in font nullfont!
Missing character: There is no z in font nullfont!
Missing character: There is no a in font nullfont!
Missing character: There is no m in font nullfont!
Missing character: There is no s in font nullfont!
Missing character: There is no i in font nullfont!
Missing character: There is no s in font nullfont!
Missing character: There is no t in font nullfont!
Missing character: There is no e in font nullfont!
Missing character: There is no m in font nullfont!
Missing character: There is no a in font nullfont!
Missing character: There is no s in font nullfont!
Missing character: There is no I in font nullfont!
Missing character: There is no o in font nullfont!
Missing character: There is no T in font nullfont!
Missing character: There is no . in font nullfont!
Missing character: There is no A in font nullfont!
Missing character: There is no s in font nullfont!
Missing character: There is no v in font nullfont!
Missing character: There is no u in font nullfont!
Missing character: There is no l in font nullfont!
Missing character: There is no n in font nullfont!
Missing character: There is no e in font nullfont!
Missing character: There is no r in font nullfont!
Missing character: There is no a in font nullfont!
Missing character: There is no b in font nullfont!
Missing character: There is no i in font nullfont!
Missing character: There is no l in font nullfont!
Missing character: There is no i in font nullfont!
Missing character: There is no d in font nullfont!
Missing character: There is no a in font nullfont!
Missing character: There is no d in font nullfont!
Missing character: There is no e in font nullfont!
Missing character: There is no s in font nullfont!
Missing character: There is no d in font nullfont!
Missing character: There is no e in font nullfont!
Missing character: There is no m in font nullfont!
Missing character: There is no a in font nullfont!
Missing character: There is no i in font nullfont!
Missing character: There is no o in font nullfont!
Missing character: There is no r in font nullfont!
Missing character: There is no i in font nullfont!
Missing character: There is no m in font nullfont!
Missing character: There is no p in font nullfont!
Missing character: There is no a in font nullfont!
Missing character: There is no c in font nullfont!
Missing character: There is no t in font nullfont!
Missing character: There is no o in font nullfont!
Missing character: There is no e in font nullfont!
Missing character: There is no n in font nullfont!
Missing character: There is no c in font nullfont!
Missing character: There is no o in font nullfont!
Missing character: There is no n in font nullfont!
Missing character: There is no t in font nullfont!
Missing character: There is no r in font nullfont!
Missing character: There is no a in font nullfont!
Missing character: There is no d in font nullfont!
Missing character: There is no a in font nullfont!
Missing character: There is no s in font nullfont!
Missing character: There is no f in font nullfont!
Missing character: There is no o in font nullfont!
Missing character: There is no r in font nullfont!
Missing character: There is no a in font nullfont!
Missing character: There is no m in font nullfont!
Missing character: There is no a in font nullfont!
Missing character: There is no e in font nullfont!
Missing character: There is no s in font nullfont!
Missing character: There is no c in font nullfont!
Missing character: There is no u in font nullfont!
Missing character: There is no t in font nullfont!
Missing character: There is no a in font nullfont!
Missing character: There is no p in font nullfont!
Missing character: There is no a in font nullfont!
Missing character: There is no s in font nullfont!
Missing character: There is no s in font nullfont!
Missing character: There is no i in font nullfont!
Missing character: There is no v in font nullfont!
Missing character: There is no a in font nullfont!
Missing character: There is no , in font nullfont!
Missing character: There is no e in font nullfont!
Missing character: There is no o in font nullfont!
Missing character: There is no c in font nullfont!
Missing character: There is no o in font nullfont!
Missing character: There is no m in font nullfont!
Missing character: There is no o in font nullfont!
Missing character: There is no o in font nullfont!
Missing character: There is no e in font nullfont!
Missing character: There is no o in font nullfont!
Missing character: There is no . in font nullfont!
Missing character: There is no E in font nullfont!
Missing character: There is no s in font nullfont!
Missing character: There is no t in font nullfont!
Missing character: There is no e in font nullfont!
Missing character: There is no t in font nullfont!
Missing character: There is no r in font nullfont!
Missing character: There is no a in font nullfont!
Missing character: There is no b in font nullfont!
Missing character: There is no a in font nullfont!
Missing character: There is no l in font nullfont!
Missing character: There is no h in font nullfont!
Missing character: There is no o in font nullfont!
Missing character: There is no a in font nullfont!
Missing character: There is no p in font nullfont!
Missing character: There is no r in font nullfont!
Missing character: There is no e in font nullfont!
Missing character: There is no s in font nullfont!
Missing character: There is no e in font nullfont!
Missing character: There is no n in font nullfont!
Missing character: There is no t in font nullfont!
Missing character: There is no a in font nullfont!
Missing character: There is no u in font nullfont!
Missing character: There is no m in font nullfont!
Missing character: There is no e in font nullfont!
Missing character: There is no s in font nullfont!
Missing character: There is no t in font nullfont!
Missing character: There is no u in font nullfont!
Missing character: There is no d in font nullfont!
Missing character: There is no o in font nullfont!
Missing character: There is no d in font nullfont!
Missing character: There is no a in font nullfont!
Missing character: There is no s in font nullfont!
Missing character: There is no e in font nullfont!
Missing character: There is no g in font nullfont!
Missing character: There is no u in font nullfont!
Missing character: There is no r in font nullfont!
Missing character: There is no a in font nullfont!
Missing character: There is no n in font nullfont!
Missing character: There is no a in font nullfont!
Missing character: There is no e in font nullfont!
Missing character: There is no m in font nullfont!
Missing character: There is no r in font nullfont!
Missing character: There is no e in font nullfont!
Missing character: There is no d in font nullfont!
Missing character: There is no e in font nullfont!
Missing character: There is no s in font nullfont!
Missing character: There is no I in font nullfont!
Missing character: There is no o in font nullfont!
Missing character: There is no T in font nullfont!
Missing character: There is no u in font nullfont!
Missing character: There is no t in font nullfont!
Missing character: There is no i in font nullfont!
Missing character: There is no l in font nullfont!
Missing character: There is no i in font nullfont!
Missing character: There is no z in font nullfont!
Missing character: There is no a in font nullfont!
Missing character: There is no n in font nullfont!
Missing character: There is no d in font nullfont!
Missing character: There is no o in font nullfont!
Missing character: There is no m in font nullfont!
Missing character: There is no e in font nullfont!
Missing character: There is no c in font nullfont!
Missing character: There is no a in font nullfont!
Missing character: There is no n in font nullfont!
Missing character: There is no i in font nullfont!
Missing character: There is no s in font nullfont!
Missing character: There is no m in font nullfont!
Missing character: There is no o in font nullfont!
Missing character: There is no s in font nullfont!
Missing character: There is no c in font nullfont!
Missing character: There is no o in font nullfont!
Missing character: There is no n in font nullfont!
Missing character: There is no f in font nullfont!
Missing character: There is no i in font nullfont!
Missing character: There is no v in font nullfont!
Missing character: There is no e in font nullfont!
Missing character: There is no i in font nullfont!
Missing character: There is no s in font nullfont!
Missing character: There is no p in font nullfont!
Missing character: There is no a in font nullfont!
Missing character: There is no r in font nullfont!
Missing character: There is no a in font nullfont!
Missing character: There is no g in font nullfont!
Missing character: There is no a in font nullfont!
Missing character: There is no r in font nullfont!
Missing character: There is no a in font nullfont!
Missing character: There is no n in font nullfont!
Missing character: There is no t in font nullfont!
Missing character: There is no i in font nullfont!
Missing character: There is no r in font nullfont!
Missing character: There is no a in font nullfont!
Missing character: There is no s in font nullfont!
Missing character: There is no e in font nullfont!
Missing character: There is no g in font nullfont!
Missing character: There is no u in font nullfont!
Missing character: There is no r in font nullfont!
Missing character: There is no a in font nullfont!
Missing character: There is no n in font nullfont!
Missing character: There is no a in font nullfont!
Missing character: There is no n in font nullfont!
Missing character: There is no e in font nullfont!
Missing character: There is no s in font nullfont!
Missing character: There is no t in font nullfont!
Missing character: There is no a in font nullfont!
Missing character: There is no s in font nullfont!
Missing character: There is no r in font nullfont!
Missing character: There is no e in font nullfont!
Missing character: There is no d in font nullfont!
Missing character: There is no e in font nullfont!
Missing character: There is no s in font nullfont!
Missing character: There is no e in font nullfont!
Missing character: There is no , in font nullfont!
Missing character: There is no c in font nullfont!
Missing character: There is no o in font nullfont!
Missing character: There is no m in font nullfont!
Missing character: There is no o in font nullfont!
Missing character: There is no o in font nullfont!
Missing character: There is no b in font nullfont!
Missing character: There is no j in font nullfont!
Missing character: There is no e in font nullfont!
Missing character: There is no t in font nullfont!
Missing character: There is no i in font nullfont!
Missing character: There is no v in font nullfont!
Missing character: There is no o in font nullfont!
Missing character: There is no d in font nullfont!
Missing character: There is no e in font nullfont!
Missing character: There is no r in font nullfont!
Missing character: There is no e in font nullfont!
Missing character: There is no a in font nullfont!
Missing character: There is no l in font nullfont!
Missing character: There is no i in font nullfont!
Missing character: There is no z in font nullfont!
Missing character: There is no a in font nullfont!
Missing character: There is no r in font nullfont!
Missing character: There is no i in font nullfont!
Missing character: There is no s in font nullfont!
Missing character: There is no s in font nullfont!
Missing character: There is no o in font nullfont!
Missing character: There is no , in font nullfont!
Missing character: There is no m in font nullfont!
Missing character: There is no e in font nullfont!
Missing character: There is no c in font nullfont!
Missing character: There is no a in font nullfont!
Missing character: There is no n in font nullfont!
Missing character: There is no i in font nullfont!
Missing character: There is no s in font nullfont!
Missing character: There is no m in font nullfont!
Missing character: There is no o in font nullfont!
Missing character: There is no s in font nullfont!
Missing character: There is no c in font nullfont!
Missing character: There is no o in font nullfont!
Missing character: There is no m in font nullfont!
Missing character: There is no o in font nullfont!
Missing character: There is no u in font nullfont!
Missing character: There is no m in font nullfont!
Missing character: There is no s in font nullfont!
Missing character: There is no i in font nullfont!
Missing character: There is no s in font nullfont!
Missing character: There is no t in font nullfont!
Missing character: There is no e in font nullfont!
Missing character: There is no m in font nullfont!
Missing character: There is no a in font nullfont!
Missing character: There is no p in font nullfont!
Missing character: There is no a in font nullfont!
Missing character: There is no r in font nullfont!
Missing character: There is no a in font nullfont!
Missing character: There is no e in font nullfont!
Missing character: There is no n in font nullfont!
Missing character: There is no t in font nullfont!
Missing character: There is no r in font nullfont!
Missing character: There is no e in font nullfont!
Missing character: There is no g in font nullfont!
Missing character: There is no a in font nullfont!
Missing character: There is no d in font nullfont!
Missing character: There is no e in font nullfont!
Missing character: There is no e in font nullfont!
Missing character: There is no n in font nullfont!
Missing character: There is no d in font nullfont!
Missing character: There is no e in font nullfont!
Missing character: There is no r in font nullfont!
Missing character: There is no e in font nullfont!
Missing character: There is no o in font nullfont!
Missing character: There is no s in font nullfont!
Missing character: There is no , in font nullfont!
Missing character: There is no p in font nullfont!
Missing character: There is no a in font nullfont!
Missing character: There is no d in font nullfont!
Missing character: There is no r in font nullfont!
Missing character: There is no o in font nullfont!
Missing character: There is no d in font nullfont!
Missing character: There is no e in font nullfont!
Missing character: There is no e in font nullfont!
Missing character: There is no c in font nullfont!
Missing character: There is no r in font nullfont!
Missing character: There is no i in font nullfont!
Missing character: There is no p in font nullfont!
Missing character: There is no t in font nullfont!
Missing character: There is no o in font nullfont!
Missing character: There is no g in font nullfont!
Missing character: There is no r in font nullfont!
Missing character: There is no a in font nullfont!
Missing character: There is no f in font nullfont!
Missing character: There is no i in font nullfont!
Missing character: There is no a in font nullfont!
Missing character: There is no s in font nullfont!
Missing character: There is no o in font nullfont!
Missing character: There is no i in font nullfont!
Missing character: There is no m in font nullfont!
Missing character: There is no p in font nullfont!
Missing character: There is no l in font nullfont!
Missing character: There is no e in font nullfont!
Missing character: There is no m in font nullfont!
Missing character: There is no e in font nullfont!
Missing character: There is no n in font nullfont!
Missing character: There is no t in font nullfont!
Missing character: There is no a in font nullfont!
Missing character: There is no d in font nullfont!
Missing character: There is no o in font nullfont!
Missing character: There is no s in font nullfont!
Missing character: There is no . in font nullfont!
Missing character: There is no O in font nullfont!
Missing character: There is no s in font nullfont!
Missing character: There is no r in font nullfont!
Missing character: There is no e in font nullfont!
Missing character: There is no s in font nullfont!
Missing character: There is no u in font nullfont!
Missing character: There is no l in font nullfont!
Missing character: There is no t in font nullfont!
Missing character: There is no a in font nullfont!
Missing character: There is no d in font nullfont!
Missing character: There is no o in font nullfont!
Missing character: There is no s in font nullfont!
Missing character: There is no r in font nullfont!
Missing character: There is no e in font nullfont!
Missing character: There is no v in font nullfont!
Missing character: There is no e in font nullfont!
Missing character: There is no l in font nullfont!
Missing character: There is no a in font nullfont!
Missing character: There is no m in font nullfont!
Missing character: There is no q in font nullfont!
Missing character: There is no u in font nullfont!
Missing character: There is no e in font nullfont!
Missing character: There is no o in font nullfont!
Missing character: There is no s in font nullfont!
Missing character: There is no m in font nullfont!
Missing character: There is no e in font nullfont!
Missing character: There is no c in font nullfont!
Missing character: There is no a in font nullfont!
Missing character: There is no n in font nullfont!
Missing character: There is no i in font nullfont!
Missing character: There is no s in font nullfont!
Missing character: There is no m in font nullfont!
Missing character: There is no o in font nullfont!
Missing character: There is no s in font nullfont!
Missing character: There is no a in font nullfont!
Missing character: There is no p in font nullfont!
Missing character: There is no l in font nullfont!
Missing character: There is no i in font nullfont!
Missing character: There is no c in font nullfont!
Missing character: There is no a in font nullfont!
Missing character: There is no d in font nullfont!
Missing character: There is no o in font nullfont!
Missing character: There is no s in font nullfont!
Missing character: There is no s in font nullfont!
Missing character: There is no o in font nullfont!
Missing character: There is no e in font nullfont!
Missing character: There is no f in font nullfont!
Missing character: There is no e in font nullfont!
Missing character: There is no t in font nullfont!
Missing character: There is no i in font nullfont!
Missing character: There is no v in font nullfont!
Missing character: There is no a in font nullfont!
Missing character: There is no m in font nullfont!
Missing character: There is no e in font nullfont!
Missing character: There is no n in font nullfont!
Missing character: There is no t in font nullfont!
Missing character: There is no e in font nullfont!
Missing character: There is no f in font nullfont!
Missing character: There is no u in font nullfont!
Missing character: There is no n in font nullfont!
Missing character: There is no c in font nullfont!
Missing character: There is no i in font nullfont!
Missing character: There is no o in font nullfont!
Missing character: There is no n in font nullfont!
Missing character: There is no a in font nullfont!
Missing character: There is no i in font nullfont!
Missing character: There is no s in font nullfont!
Missing character: There is no e in font nullfont!
Missing character: There is no g in font nullfont!
Missing character: There is no a in font nullfont!
Missing character: There is no r in font nullfont!
Missing character: There is no a in font nullfont!
Missing character: There is no n in font nullfont!
Missing character: There is no t in font nullfont!
Missing character: There is no e in font nullfont!
Missing character: There is no m in font nullfont!
Missing character: There is no a in font nullfont!
Missing character: There is no s in font nullfont!
Missing character: There is no e in font nullfont!
Missing character: There is no g in font nullfont!
Missing character: There is no u in font nullfont!
Missing character: There is no r in font nullfont!
Missing character: There is no a in font nullfont!
Missing character: There is no n in font nullfont!
Missing character: There is no a in font nullfont!
Missing character: There is no b in font nullfont!
Missing character: There is no s in font nullfont!
Missing character: There is no i in font nullfont!
Missing character: There is no c in font nullfont!
Missing character: There is no a in font nullfont!
Missing character: There is no d in font nullfont!
Missing character: There is no a in font nullfont!
Missing character: There is no r in font nullfont!
Missing character: There is no e in font nullfont!
Missing character: There is no d in font nullfont!
Missing character: There is no e in font nullfont!
Missing character: There is no , in font nullfont!
Missing character: There is no d in font nullfont!
Missing character: There is no e in font nullfont!
Missing character: There is no s in font nullfont!
Missing character: There is no t in font nullfont!
Missing character: There is no e in font nullfont!
Missing character: There is no m in font nullfont!
Missing character: There is no o in font nullfont!
Missing character: There is no d in font nullfont!
Missing character: There is no o in font nullfont!
Missing character: There is no p in font nullfont!
Missing character: There is no o in font nullfont!
Missing character: There is no d in font nullfont!
Missing character: There is no e in font nullfont!
Missing character: There is no m in font nullfont!
Missing character: There is no s in font nullfont!
Missing character: There is no e in font nullfont!
Missing character: There is no r in font nullfont!
Missing character: There is no u in font nullfont!
Missing character: There is no t in font nullfont!
Missing character: There is no i in font nullfont!
Missing character: There is no l in font nullfont!
Missing character: There is no i in font nullfont!
Missing character: There is no z in font nullfont!
Missing character: There is no a in font nullfont!
Missing character: There is no d in font nullfont!
Missing character: There is no o in font nullfont!
Missing character: There is no s in font nullfont!
Missing character: There is no p in font nullfont!
Missing character: There is no a in font nullfont!
Missing character: There is no r in font nullfont!
Missing character: There is no a in font nullfont!
Missing character: There is no a in font nullfont!
Missing character: There is no s in font nullfont!
Missing character: There is no s in font nullfont!
Missing character: There is no e in font nullfont!
Missing character: There is no g in font nullfont!
Missing character: There is no u in font nullfont!
Missing character: There is no r in font nullfont!
Missing character: There is no a in font nullfont!
Missing character: There is no r in font nullfont!
Missing character: There is no r in font nullfont!
Missing character: There is no e in font nullfont!
Missing character: There is no d in font nullfont!
Missing character: There is no e in font nullfont!
Missing character: There is no s in font nullfont!
Missing character: There is no I in font nullfont!
Missing character: There is no o in font nullfont!
Missing character: There is no T in font nullfont!
Missing character: There is no s in font nullfont!
Missing character: There is no . in font nullfont!

Overfull \hbox (20.0pt too wide) in paragraph at lines 2--6
[]
 []


Overfull \hbox (13.05547pt too wide) in paragraph at lines 2--6
\OT1/cmr/m/it/10 In-
 []


Overfull \hbox (15.71652pt too wide) in paragraph at lines 2--6
\OT1/cmr/m/it/10 ter-
 []


Overfull \hbox (13.54434pt too wide) in paragraph at lines 2--6
\OT1/cmr/m/it/10 net
 []


Overfull \hbox (8.17773pt too wide) in paragraph at lines 2--6
\OT1/cmr/m/it/10 of
 []


Overfull \hbox (29.64426pt too wide) in paragraph at lines 2--6
\OT1/cmr/m/it/10 Things
 []


Overfull \hbox (10.00003pt too wide) in paragraph at lines 2--6
\/cmr/m/n/10 ^^Sa
 []


Overfull \hbox (5.00002pt too wide) in paragraph at lines 2--6
\/cmr/m/n/10 ^^Ra
 []


Overfull \hbox (9.44446pt too wide) in paragraph at lines 2--6
\/cmr/m/n/10 ^^Xc~o
 []


Overfull \hbox (5.00002pt too wide) in paragraph at lines 2--6
\/cmr/m/n/10 ^^So
 []


Overfull \hbox (5.00002pt too wide) in paragraph at lines 2--6
\/cmr/m/n/10 ^^Sa
 []


Overfull \hbox (5.00002pt too wide) in paragraph at lines 2--6
\/cmr/m/n/10 ^^Sa
 []


Overfull \hbox (16.12212pt too wide) in paragraph at lines 2--6
\OT1/cmr/m/it/10 IoT
 []


Overfull \hbox (5.00002pt too wide) in paragraph at lines 2--6
\/cmr/m/n/10 ^^Sa
 []


Overfull \hbox (9.44446pt too wide) in paragraph at lines 2--6
\/cmr/m/n/10 ^^Xc~a
 []


Overfull \hbox (4.44444pt too wide) in paragraph at lines 2--6
\/cmr/m/n/10 ^^Xc
 []


Overfull \hbox (20.21098pt too wide) in paragraph at lines 2--6
\OT1/cmr/m/it/10 IoTs
 []


Overfull \hbox (5.00002pt too wide) in paragraph at lines 2--6
\/cmr/m/n/10 ~a
 []


Overfull \hbox (5.00002pt too wide) in paragraph at lines 2--6
\/cmr/m/n/10 ^^Sa
 []


Overfull \hbox (2.77779pt too wide) in paragraph at lines 2--6
[]\/cmr/m/n/10 i
 []


Overfull \hbox (5.00002pt too wide) in paragraph at lines 2--6
\/cmr/m/n/10 ^^Ra
 []


Overfull \hbox (5.00002pt too wide) in paragraph at lines 2--6
\/cmr/m/n/10 ~a
 []


Overfull \hbox (4.44444pt too wide) in paragraph at lines 2--6
\/cmr/m/n/10 ^^Xc
 []


Overfull \hbox (5.00002pt too wide) in paragraph at lines 2--6
\/cmr/m/n/10 ~a
 []


Overfull \hbox (2.77779pt too wide) in paragraph at lines 2--6
[]\/cmr/m/n/10 i
 []


Overfull \hbox (2.77779pt too wide) in paragraph at lines 2--6
[]\/cmr/m/n/10 i
 []


Overfull \hbox (18.91101pt too wide) in paragraph at lines 2--6
\OT1/cmr/m/it/10 man
 []


Overfull \hbox (8.68884pt too wide) in paragraph at lines 2--6
\OT1/cmr/m/it/10 in
 []


Overfull \hbox (13.03323pt too wide) in paragraph at lines 2--6
\OT1/cmr/m/it/10 the
 []


Overfull \hbox (19.93321pt too wide) in paragraph at lines 2--6
\OT1/cmr/m/it/10 mid-
 []


Overfull \hbox (12.7777pt too wide) in paragraph at lines 2--6
\OT1/cmr/m/it/10 dle
 []


Overfull \hbox (13.28879pt too wide) in paragraph at lines 2--6
\OT1/cmr/m/it/10 de-
 []


Overfull \hbox (16.35547pt too wide) in paragraph at lines 2--6
\OT1/cmr/m/it/10 nial
 []


Overfull \hbox (8.17773pt too wide) in paragraph at lines 2--6
\OT1/cmr/m/it/10 of
 []


Overfull \hbox (16.4832pt too wide) in paragraph at lines 2--6
\OT1/cmr/m/it/10 ser-
 []


Overfull \hbox (16.35541pt too wide) in paragraph at lines 2--6
\OT1/cmr/m/it/10 vice
 []


Overfull \hbox (23.76648pt too wide) in paragraph at lines 2--6
\OT1/cmr/m/it/10 flood-
 []


Overfull \hbox (13.2888pt too wide) in paragraph at lines 2--6
\OT1/cmr/m/it/10 ing
 []


Overfull \hbox (19.93321pt too wide) in paragraph at lines 2--6
\OT1/cmr/m/it/10 jam-
 []


Overfull \hbox (21.46654pt too wide) in paragraph at lines 2--6
\OT1/cmr/m/it/10 ming
 []


Overfull \hbox (4.44444pt too wide) in paragraph at lines 2--6
\/cmr/m/n/10 ^^Xc
 []


Overfull \hbox (5.00002pt too wide) in paragraph at lines 2--6
\/cmr/m/n/10 ^^Sa
 []


Overfull \hbox (4.44444pt too wide) in paragraph at lines 2--6
\/cmr/m/n/10 ^^Xc
 []


Overfull \hbox (4.44444pt too wide) in paragraph at lines 2--6
\/cmr/m/n/10 ^^Xc
 []


Overfull \hbox (5.00002pt too wide) in paragraph at lines 2--6
\/cmr/m/n/10 ~a
 []


Overfull \hbox (35.77754pt too wide) in paragraph at lines 2--6
\OT1/cmr/m/it/10 whitelist
 []


Overfull \hbox (5.00002pt too wide) in paragraph at lines 2--6
\/cmr/m/n/10 ~a
 []


Overfull \hbox (5.00002pt too wide) in paragraph at lines 2--6
\/cmr/m/n/10 ~a
 []


Overfull \hbox (4.44444pt too wide) in paragraph at lines 2--6
\/cmr/m/n/10 ^^Xc
 []


Overfull \hbox (5.00002pt too wide) in paragraph at lines 2--6
\/cmr/m/n/10 ^^Sa
 []

! Undefined control sequence.
<argument> \onelineskip 
                        
l.7     \vspace{\onelineskip}
                             
The control sequence at the end of the top line
of your error message was never \def'ed. If you have
misspelled it (e.g., `\hobx'), type `I' and the correct
spelling (e.g., `I\hbox'). Otherwise just continue,
and I'll forget about whatever was undefined.

! Missing number, treated as zero.
<to be read again> 
                   \vskip 
l.7     \vspace{\onelineskip}
                             
A number should have been here; I inserted `0'.
(If you can't figure out why I needed to see a number,
look up `weird error' in the index to The TeXbook.)

! Illegal unit of measure (pt inserted).
<to be read again> 
                   \vskip 
l.7     \vspace{\onelineskip}
                             
Dimensions can be in units of em, ex, in, pt, pc,
cm, mm, dd, cc, nd, nc, bp, or sp; but yours is a new one!
I'll assume that you meant to say pt, for printer's points.
To recover gracefully from this error, it's best to
delete the erroneous units; e.g., type `2' to delete
two letters. (See Chapter 27 of The TeXbook.)


! LaTeX Error: Missing \begin{document}.

See the LaTeX manual or LaTeX Companion for explanation.
Type  H <return>  for immediate help.
 ...                                              
                                                  
l.8     \noindent
                 
You're in trouble here.  Try typing  <return>  to proceed.
If that doesn't work, type  X <return>  to quit.

Missing character: There is no : in font nullfont!
Missing character: There is no I in font nullfont!
Missing character: There is no o in font nullfont!
Missing character: There is no T in font nullfont!
Missing character: There is no , in font nullfont!
Missing character: There is no I in font nullfont!
Missing character: There is no n in font nullfont!
Missing character: There is no t in font nullfont!
Missing character: There is no e in font nullfont!
Missing character: There is no r in font nullfont!
Missing character: There is no n in font nullfont!
Missing character: There is no e in font nullfont!
Missing character: There is no t in font nullfont!
Missing character: There is no o in font nullfont!
Missing character: There is no f in font nullfont!
Missing character: There is no T in font nullfont!
Missing character: There is no h in font nullfont!
Missing character: There is no i in font nullfont!
Missing character: There is no n in font nullfont!
Missing character: There is no g in font nullfont!
Missing character: There is no s in font nullfont!
Missing character: There is no , in font nullfont!
Missing character: There is no S in font nullfont!
Missing character: There is no e in font nullfont!
Missing character: There is no c in font nullfont!
Missing character: There is no u in font nullfont!
Missing character: There is no r in font nullfont!
Missing character: There is no i in font nullfont!
Missing character: There is no t in font nullfont!
Missing character: There is no y in font nullfont!
Missing character: There is no , in font nullfont!
Missing character: There is no D in font nullfont!
Missing character: There is no o in font nullfont!
Missing character: There is no S in font nullfont!
Missing character: There is no , in font nullfont!
Missing character: There is no F in font nullfont!
Missing character: There is no l in font nullfont!
Missing character: There is no o in font nullfont!
Missing character: There is no o in font nullfont!
Missing character: There is no d in font nullfont!
Missing character: There is no i in font nullfont!
Missing character: There is no n in font nullfont!
Missing character: There is no g in font nullfont!
Missing character: There is no , in font nullfont!
Missing character: There is no J in font nullfont!
Missing character: There is no a in font nullfont!
Missing character: There is no m in font nullfont!
Missing character: There is no m in font nullfont!
Missing character: There is no i in font nullfont!
Missing character: There is no n in font nullfont!
Missing character: There is no g in font nullfont!
Missing character: There is no , in font nullfont!
Missing character: There is no S in font nullfont!
Missing character: There is no n in font nullfont!
Missing character: There is no i in font nullfont!
Missing character: There is no f in font nullfont!
Missing character: There is no f in font nullfont!
Missing character: There is no i in font nullfont!
Missing character: There is no n in font nullfont!
Missing character: There is no g in font nullfont!
Missing character: There is no , in font nullfont!
Missing character: There is no M in font nullfont!
Missing character: There is no a in font nullfont!
Missing character: There is no n in font nullfont!
Missing character: There is no i in font nullfont!
Missing character: There is no n in font nullfont!
Missing character: There is no t in font nullfont!
Missing character: There is no h in font nullfont!
Missing character: There is no e in font nullfont!
Missing character: There is no M in font nullfont!
Missing character: There is no i in font nullfont!
Missing character: There is no d in font nullfont!
Missing character: There is no d in font nullfont!
Missing character: There is no l in font nullfont!
Missing character: There is no e in font nullfont!
Missing character: There is no , in font nullfont!
Missing character: There is no W in font nullfont!
Missing character: There is no h in font nullfont!
Missing character: There is no i in font nullfont!
Missing character: There is no t in font nullfont!
Missing character: There is no e in font nullfont!
Missing character: There is no l in font nullfont!
Missing character: There is no i in font nullfont!
Missing character: There is no s in font nullfont!
Missing character: There is no t in font nullfont!
Missing character: There is no , in font nullfont!
Missing character: There is no W in font nullfont!
Missing character: There is no i in font nullfont!
Missing character: There is no r in font nullfont!
Missing character: There is no e in font nullfont!
Missing character: There is no l in font nullfont!
Missing character: There is no e in font nullfont!
Missing character: There is no s in font nullfont!
Missing character: There is no s in font nullfont!
Missing character: There is no M in font nullfont!
Missing character: There is no e in font nullfont!
Missing character: There is no s in font nullfont!
Missing character: There is no h in font nullfont!
Missing character: There is no N in font nullfont!
Missing character: There is no e in font nullfont!
Missing character: There is no t in font nullfont!
Missing character: There is no w in font nullfont!
Missing character: There is no o in font nullfont!
Missing character: There is no r in font nullfont!
Missing character: There is no k in font nullfont!
Missing character: There is no s in font nullfont!
Missing character: There is no . in font nullfont!

! LaTeX Error: \begin{document} ended by \end{resumo}.

See the LaTeX manual or LaTeX Companion for explanation.
Type  H <return>  for immediate help.
 ...                                              
                                                  
l.10 \end{resumo}
                 
Your command was ignored.
Type  I <command> <return>  to replace it with another command,
or  <return>  to continue without it.


Overfull \hbox (46.36218pt too wide) in paragraph at lines 8--11
\OT1/cmr/bx/n/10 Palavras-
 []


Overfull \hbox (27.47206pt too wide) in paragraph at lines 8--11
\OT1/cmr/bx/n/10 chave
 []


! LaTeX Error: Environment resumo undefined.

See the LaTeX manual or LaTeX Companion for explanation.
Type  H <return>  for immediate help.
 ...                                              
                                                  
l.13 \begin{resumo}
                   [Abstract]
Your command was ignored.
Type  I <command> <return>  to replace it with another command,
or  <return>  to continue without it.


! LaTeX Error: Missing \begin{document}.

See the LaTeX manual or LaTeX Companion for explanation.
Type  H <return>  for immediate help.
 ...                                              
                                                  
l.13 \begin{resumo}[
                    Abstract]
You're in trouble here.  Try typing  <return>  to proceed.
If that doesn't work, type  X <return>  to quit.

Missing character: There is no [ in font nullfont!
Missing character: There is no A in font nullfont!
Missing character: There is no b in font nullfont!
Missing character: There is no s in font nullfont!
Missing character: There is no t in font nullfont!
Missing character: There is no r in font nullfont!
Missing character: There is no a in font nullfont!
Missing character: There is no c in font nullfont!
Missing character: There is no t in font nullfont!
Missing character: There is no ] in font nullfont!

Package babel Warning: Unknown language `english'. Either you have
(babel)                misspelled its name, it has not been installed,
(babel)                or you requested it in a previous run. Fix its name,
(babel)                install it or just rerun the file, respectively.
(babel)                I'll proceed, but expect wrong results.
(babel)                Reported on input line 14.

! Undefined control sequence.
\bbl@switch ... {afterreset}{}\languageshorthands 
                                                  {none}\ifcase \bbl@select@...
l.14     \begin{otherlanguage*}{english}
                                        
The control sequence at the end of the top line
of your error message was never \def'ed. If you have
misspelled it (e.g., `\hobx'), type `I' and the correct
spelling (e.g., `I\hbox'). Otherwise just continue,
and I'll forget about whatever was undefined.

Missing character: There is no n in font nullfont!
Missing character: There is no o in font nullfont!
Missing character: There is no n in font nullfont!
Missing character: There is no e in font nullfont!
! Undefined control sequence.
\bbl@switch ...xtras}{}\ifcase \bbl@opt@hyphenmap 
                                                  \or \def \BabelLower ##1##...
l.14     \begin{otherlanguage*}{english}
                                        
The control sequence at the end of the top line
of your error message was never \def'ed. If you have
misspelled it (e.g., `\hobx'), type `I' and the correct
spelling (e.g., `I\hbox'). Otherwise just continue,
and I'll forget about whatever was undefined.

! Missing number, treated as zero.
<to be read again> 
                   \relax 
l.14     \begin{otherlanguage*}{english}
                                        
A number should have been here; I inserted `0'.
(If you can't figure out why I needed to see a number,
look up `weird error' in the index to The TeXbook.)

! Undefined control sequence.
\bbl@switch ...l@patterns {#1}\babel@savevariable 
                                                  \lefthyphenmin \babel@save...
l.14     \begin{otherlanguage*}{english}
                                        
The control sequence at the end of the top line
of your error message was never \def'ed. If you have
misspelled it (e.g., `\hobx'), type `I' and the correct
spelling (e.g., `I\hbox'). Otherwise just continue,
and I'll forget about whatever was undefined.

! Undefined control sequence.
\bbl@switch ...\lefthyphenmin \babel@savevariable 
                                                  \righthyphenmin \expandaft...
l.14     \begin{otherlanguage*}{english}
                                        
The control sequence at the end of the top line
of your error message was never \def'ed. If you have
misspelled it (e.g., `\hobx'), type `I' and the correct
spelling (e.g., `I\hbox'). Otherwise just continue,
and I'll forget about whatever was undefined.


Overfull \hbox (20.0pt too wide) in paragraph at lines 13--15
[]
 []


! LaTeX Error: Missing \begin{document}.

See the LaTeX manual or LaTeX Companion for explanation.
Type  H <return>  for immediate help.
 ...                                              
                                                  
l.18 }
      %
You're in trouble here.  Try typing  <return>  to proceed.
If that doesn't work, type  X <return>  to quit.


Overfull \hbox (55.16084pt too wide) in paragraph at lines 18--19
[]\OT1/cmr/m/it/10 Internet
 []


Overfull \hbox (8.17773pt too wide) in paragraph at lines 18--19
\OT1/cmr/m/it/10 of
 []


Overfull \hbox (29.64426pt too wide) in paragraph at lines 18--19
\OT1/cmr/m/it/10 Things
 []


Overfull \hbox (24.29985pt too wide) in paragraph at lines 18--19
\OT1/cmr/m/it/10 (IoT)
 []


Overfull \hbox (7.15552pt too wide) in paragraph at lines 18--19
\OT1/cmr/m/it/10 is
 []


Overfull \hbox (11.75548pt too wide) in paragraph at lines 18--19
\OT1/cmr/m/it/10 di-
 []


Overfull \hbox (23.12755pt too wide) in paragraph at lines 18--19
\OT1/cmr/m/it/10 rectly
 []


Overfull \hbox (18.39986pt too wide) in paragraph at lines 18--19
\OT1/cmr/m/it/10 con-
 []


Overfull \hbox (26.8331pt too wide) in paragraph at lines 18--19
\OT1/cmr/m/it/10 nected
 []


Overfull \hbox (8.43327pt too wide) in paragraph at lines 18--19
\OT1/cmr/m/it/10 to
 []


Overfull \hbox (20.69981pt too wide) in paragraph at lines 18--19
\OT1/cmr/m/it/10 tech-
 []


Overfull \hbox (14.31102pt too wide) in paragraph at lines 18--19
\OT1/cmr/m/it/10 no-
 []


Overfull \hbox (15.3332pt too wide) in paragraph at lines 18--19
\OT1/cmr/m/it/10 log-
 []


Overfull \hbox (6.6444pt too wide) in paragraph at lines 18--19
\OT1/cmr/m/it/10 i-
 []


Overfull \hbox (11.75546pt too wide) in paragraph at lines 18--19
\OT1/cmr/m/it/10 cal
 []


Overfull \hbox (12.26659pt too wide) in paragraph at lines 18--19
\OT1/cmr/m/it/10 in-
 []


Overfull \hbox (14.31102pt too wide) in paragraph at lines 18--19
\OT1/cmr/m/it/10 no-
 []


Overfull \hbox (13.28879pt too wide) in paragraph at lines 18--19
\OT1/cmr/m/it/10 va-
 []


Overfull \hbox (21.21098pt too wide) in paragraph at lines 18--19
\OT1/cmr/m/it/10 tions
 []


Overfull \hbox (8.68884pt too wide) in paragraph at lines 18--19
\OT1/cmr/m/it/10 in
 []


Overfull \hbox (16.86653pt too wide) in paragraph at lines 18--19
\OT1/cmr/m/it/10 sev-
 []


Overfull \hbox (15.97209pt too wide) in paragraph at lines 18--19
\OT1/cmr/m/it/10 eral
 []


Overfull \hbox (12.90546pt too wide) in paragraph at lines 18--19
\OT1/cmr/m/it/10 ar-
 []


Overfull \hbox (16.35544pt too wide) in paragraph at lines 18--19
\OT1/cmr/m/it/10 eas,
 []


Overfull \hbox (17.88878pt too wide) in paragraph at lines 18--19
\OT1/cmr/m/it/10 thus
 []


Overfull \hbox (15.58879pt too wide) in paragraph at lines 18--19
\OT1/cmr/m/it/10 this
 []


Overfull \hbox (18.01651pt too wide) in paragraph at lines 18--19
\OT1/cmr/m/it/10 area
 []


Overfull \hbox (15.33325pt too wide) in paragraph at lines 18--19
\OT1/cmr/m/it/10 will
 []


Overfull \hbox (20.06096pt too wide) in paragraph at lines 18--19
\OT1/cmr/m/it/10 grow
 []


Overfull \hbox (15.33322pt too wide) in paragraph at lines 18--19
\OT1/cmr/m/it/10 sig-
 []


Overfull \hbox (15.33324pt too wide) in paragraph at lines 18--19
\OT1/cmr/m/it/10 nif-
 []


Overfull \hbox (6.6444pt too wide) in paragraph at lines 18--19
\OT1/cmr/m/it/10 i-
 []


Overfull \hbox (25.55536pt too wide) in paragraph at lines 18--19
\OT1/cmr/m/it/10 cantly
 []


Overfull \hbox (15.84436pt too wide) in paragraph at lines 18--19
\OT1/cmr/m/it/10 and
 []


Overfull \hbox (15.58879pt too wide) in paragraph at lines 18--19
\OT1/cmr/m/it/10 this
 []


Overfull \hbox (18.39986pt too wide) in paragraph at lines 18--19
\OT1/cmr/m/it/10 gen-
 []


Overfull \hbox (12.39433pt too wide) in paragraph at lines 18--19
\OT1/cmr/m/it/10 er-
 []


Overfull \hbox (17.1221pt too wide) in paragraph at lines 18--19
\OT1/cmr/m/it/10 ates
 []


Overfull \hbox (13.03323pt too wide) in paragraph at lines 18--19
\OT1/cmr/m/it/10 the
 []


Overfull \hbox (18.91095pt too wide) in paragraph at lines 18--19
\OT1/cmr/m/it/10 need
 []


Overfull \hbox (12.39436pt too wide) in paragraph at lines 18--19
\OT1/cmr/m/it/10 for
 []


Overfull \hbox (16.86653pt too wide) in paragraph at lines 18--19
\OT1/cmr/m/it/10 spe-
 []


Overfull \hbox (15.33324pt too wide) in paragraph at lines 18--19
\OT1/cmr/m/it/10 cial
 []


Overfull \hbox (12.01102pt too wide) in paragraph at lines 18--19
\OT1/cmr/m/it/10 at-
 []


Overfull \hbox (17.12209pt too wide) in paragraph at lines 18--19
\OT1/cmr/m/it/10 ten-
 []


Overfull \hbox (17.12212pt too wide) in paragraph at lines 18--19
\OT1/cmr/m/it/10 tion
 []


Overfull \hbox (10.73328pt too wide) in paragraph at lines 18--19
\OT1/cmr/m/it/10 on
 []


Overfull \hbox (12.26657pt too wide) in paragraph at lines 18--19
\OT1/cmr/m/it/10 se-
 []


Overfull \hbox (13.54434pt too wide) in paragraph at lines 18--19
\OT1/cmr/m/it/10 cu-
 []


Overfull \hbox (18.52763pt too wide) in paragraph at lines 18--19
\OT1/cmr/m/it/10 rity.
 []


Overfull \hbox (16.12212pt too wide) in paragraph at lines 18--19
\OT1/cmr/m/it/10 IoT
 []


Overfull \hbox (17.12209pt too wide) in paragraph at lines 18--19
\OT1/cmr/m/it/10 net-
 []


Overfull \hbox (24.66095pt too wide) in paragraph at lines 18--19
\OT1/cmr/m/it/10 works
 []


Overfull \hbox (13.41655pt too wide) in paragraph at lines 18--19
\OT1/cmr/m/it/10 are
 []


Overfull \hbox (16.09988pt too wide) in paragraph at lines 18--19
\OT1/cmr/m/it/10 vul-
 []


Overfull \hbox (18.01653pt too wide) in paragraph at lines 18--19
\OT1/cmr/m/it/10 ner-
 []


Overfull \hbox (8.68883pt too wide) in paragraph at lines 18--19
\OT1/cmr/m/it/10 a-
 []


Overfull \hbox (11.75546pt too wide) in paragraph at lines 18--19
\OT1/cmr/m/it/10 ble
 []


Overfull \hbox (15.84436pt too wide) in paragraph at lines 18--19
\OT1/cmr/m/it/10 and
 []


Overfull \hbox (7.15552pt too wide) in paragraph at lines 18--19
\OT1/cmr/m/it/10 is
 []


Overfull \hbox (10.73328pt too wide) in paragraph at lines 18--19
\OT1/cmr/m/it/10 an
 []


Overfull \hbox (18.1443pt too wide) in paragraph at lines 18--19
\OT1/cmr/m/it/10 easy
 []


Overfull \hbox (16.22765pt too wide) in paragraph at lines 18--19
\OT1/cmr/m/it/10 tar-
 []


Overfull \hbox (12.52211pt too wide) in paragraph at lines 18--19
\OT1/cmr/m/it/10 get
 []


Overfull \hbox (12.39436pt too wide) in paragraph at lines 18--19
\OT1/cmr/m/it/10 for
 []


Overfull \hbox (12.01102pt too wide) in paragraph at lines 18--19
\OT1/cmr/m/it/10 at-
 []


Overfull \hbox (24.78871pt too wide) in paragraph at lines 18--19
\OT1/cmr/m/it/10 tacks,
 []


Overfull \hbox (9.19995pt too wide) in paragraph at lines 18--19
\OT1/cmr/m/it/10 so
 []


Overfull \hbox (6.1333pt too wide) in paragraph at lines 18--19
\OT1/cmr/m/it/10 if
 []


Overfull \hbox (10.73328pt too wide) in paragraph at lines 18--19
\OT1/cmr/m/it/10 no
 []


Overfull \hbox (13.28879pt too wide) in paragraph at lines 18--19
\OT1/cmr/m/it/10 ac-
 []


Overfull \hbox (17.12212pt too wide) in paragraph at lines 18--19
\OT1/cmr/m/it/10 tion
 []


Overfull \hbox (7.15552pt too wide) in paragraph at lines 18--19
\OT1/cmr/m/it/10 is
 []


Overfull \hbox (23.25539pt too wide) in paragraph at lines 18--19
\OT1/cmr/m/it/10 taken
 []


Overfull \hbox (8.68884pt too wide) in paragraph at lines 18--19
\OT1/cmr/m/it/10 in
 []


Overfull \hbox (12.90546pt too wide) in paragraph at lines 18--19
\OT1/cmr/m/it/10 or-
 []


Overfull \hbox (13.92767pt too wide) in paragraph at lines 18--19
\OT1/cmr/m/it/10 der
 []


Overfull \hbox (8.43327pt too wide) in paragraph at lines 18--19
\OT1/cmr/m/it/10 to
 []


Overfull \hbox (22.99986pt too wide) in paragraph at lines 18--19
\OT1/cmr/m/it/10 avoid
 []


Overfull \hbox (19.9332pt too wide) in paragraph at lines 18--19
\OT1/cmr/m/it/10 that,
 []


Overfull \hbox (21.72206pt too wide) in paragraph at lines 18--19
\OT1/cmr/m/it/10 these
 []


Overfull \hbox (17.12209pt too wide) in paragraph at lines 18--19
\OT1/cmr/m/it/10 net-
 []


Overfull \hbox (24.66095pt too wide) in paragraph at lines 18--19
\OT1/cmr/m/it/10 works
 []


Overfull \hbox (14.82211pt too wide) in paragraph at lines 18--19
\OT1/cmr/m/it/10 can
 []


Overfull \hbox (12.26654pt too wide) in paragraph at lines 18--19
\OT1/cmr/m/it/10 be-
 []


Overfull \hbox (21.97762pt too wide) in paragraph at lines 18--19
\OT1/cmr/m/it/10 come
 []


Overfull \hbox (14.56657pt too wide) in paragraph at lines 18--19
\OT1/cmr/m/it/10 un-
 []


Overfull \hbox (24.02206pt too wide) in paragraph at lines 18--19
\OT1/cmr/m/it/10 avail-
 []


Overfull \hbox (16.86655pt too wide) in paragraph at lines 18--19
\OT1/cmr/m/it/10 able
 []


Overfull \hbox (15.84436pt too wide) in paragraph at lines 18--19
\OT1/cmr/m/it/10 and
 []


Overfull \hbox (18.39986pt too wide) in paragraph at lines 18--19
\OT1/cmr/m/it/10 con-
 []


Overfull \hbox (12.26657pt too wide) in paragraph at lines 18--19
\OT1/cmr/m/it/10 se-
 []


Overfull \hbox (30.922pt too wide) in paragraph at lines 18--19
\OT1/cmr/m/it/10 quently
 []


Overfull \hbox (19.93317pt too wide) in paragraph at lines 18--19
\OT1/cmr/m/it/10 leav-
 []


Overfull \hbox (13.2888pt too wide) in paragraph at lines 18--19
\OT1/cmr/m/it/10 ing
 []


Overfull \hbox (5.11108pt too wide) in paragraph at lines 18--19
\OT1/cmr/m/it/10 a
 []


Overfull \hbox (15.84435pt too wide) in paragraph at lines 18--19
\OT1/cmr/m/it/10 dis-
 []


Overfull \hbox (13.79991pt too wide) in paragraph at lines 18--19
\OT1/cmr/m/it/10 ad-
 []


Overfull \hbox (18.91098pt too wide) in paragraph at lines 18--19
\OT1/cmr/m/it/10 van-
 []


Overfull \hbox (17.6332pt too wide) in paragraph at lines 18--19
\OT1/cmr/m/it/10 tage
 []


Overfull \hbox (8.43327pt too wide) in paragraph at lines 18--19
\OT1/cmr/m/it/10 to
 []


Overfull \hbox (20.9554pt too wide) in paragraph at lines 18--19
\OT1/cmr/m/it/10 com-
 []


Overfull \hbox (13.28879pt too wide) in paragraph at lines 18--19
\OT1/cmr/m/it/10 pa-
 []


Overfull \hbox (17.37767pt too wide) in paragraph at lines 18--19
\OT1/cmr/m/it/10 nies
 []


Overfull \hbox (16.86658pt too wide) in paragraph at lines 18--19
\OT1/cmr/m/it/10 who
 []


Overfull \hbox (18.14433pt too wide) in paragraph at lines 18--19
\OT1/cmr/m/it/10 uses
 []


Overfull \hbox (16.12212pt too wide) in paragraph at lines 18--19
\OT1/cmr/m/it/10 IoT
 []


Overfull \hbox (16.611pt too wide) in paragraph at lines 18--19
\OT1/cmr/m/it/10 sys-
 []


Overfull \hbox (23.2554pt too wide) in paragraph at lines 18--19
\OT1/cmr/m/it/10 tems.
 []


Overfull \hbox (16.86655pt too wide) in paragraph at lines 18--19
\OT1/cmr/m/it/10 The
 []


Overfull \hbox (16.09988pt too wide) in paragraph at lines 18--19
\OT1/cmr/m/it/10 vul-
 []


Overfull \hbox (18.01653pt too wide) in paragraph at lines 18--19
\OT1/cmr/m/it/10 ner-
 []


Overfull \hbox (8.68883pt too wide) in paragraph at lines 18--19
\OT1/cmr/m/it/10 a-
 []


Overfull \hbox (13.7999pt too wide) in paragraph at lines 18--19
\OT1/cmr/m/it/10 bil-
 []


Overfull \hbox (6.6444pt too wide) in paragraph at lines 18--19
\OT1/cmr/m/it/10 i-
 []


Overfull \hbox (15.07767pt too wide) in paragraph at lines 18--19
\OT1/cmr/m/it/10 ties
 []


Overfull \hbox (8.17773pt too wide) in paragraph at lines 18--19
\OT1/cmr/m/it/10 of
 []


Overfull \hbox (24.40532pt too wide) in paragraph at lines 18--19
\OT1/cmr/m/it/10 great-
 []


Overfull \hbox (12.01102pt too wide) in paragraph at lines 18--19
\OT1/cmr/m/it/10 est
 []


Overfull \hbox (14.82213pt too wide) in paragraph at lines 18--19
\OT1/cmr/m/it/10 im-
 []


Overfull \hbox (17.6332pt too wide) in paragraph at lines 18--19
\OT1/cmr/m/it/10 pact
 []


Overfull \hbox (24.27765pt too wide) in paragraph at lines 18--19
\OT1/cmr/m/it/10 found
 []


Overfull \hbox (19.54984pt too wide) in paragraph at lines 18--19
\OT1/cmr/m/it/10 were
 []


Overfull \hbox (26.06645pt too wide) in paragraph at lines 18--19
\OT1/cmr/m/it/10 eaves-
 []


Overfull \hbox (22.6165pt too wide) in paragraph at lines 18--19
\OT1/cmr/m/it/10 drop-
 []


Overfull \hbox (21.46654pt too wide) in paragraph at lines 18--19
\OT1/cmr/m/it/10 ping,
 []


Overfull \hbox (18.91101pt too wide) in paragraph at lines 18--19
\OT1/cmr/m/it/10 man
 []


Overfull \hbox (8.68884pt too wide) in paragraph at lines 18--19
\OT1/cmr/m/it/10 in
 []


Overfull \hbox (13.03323pt too wide) in paragraph at lines 18--19
\OT1/cmr/m/it/10 the
 []


Overfull \hbox (19.93321pt too wide) in paragraph at lines 18--19
\OT1/cmr/m/it/10 mid-
 []


Overfull \hbox (12.7777pt too wide) in paragraph at lines 18--19
\OT1/cmr/m/it/10 dle
 []


Overfull \hbox (15.84436pt too wide) in paragraph at lines 18--19
\OT1/cmr/m/it/10 and
 []


Overfull \hbox (13.28879pt too wide) in paragraph at lines 18--19
\OT1/cmr/m/it/10 de-
 []


Overfull \hbox (16.35547pt too wide) in paragraph at lines 18--19
\OT1/cmr/m/it/10 nial
 []


Overfull \hbox (8.17773pt too wide) in paragraph at lines 18--19
\OT1/cmr/m/it/10 of
 []


Overfull \hbox (16.4832pt too wide) in paragraph at lines 18--19
\OT1/cmr/m/it/10 ser-
 []


Overfull \hbox (16.35541pt too wide) in paragraph at lines 18--19
\OT1/cmr/m/it/10 vice
 []


Overfull \hbox (14.82211pt too wide) in paragraph at lines 18--19
\OT1/cmr/m/it/10 like
 []


Overfull \hbox (23.76648pt too wide) in paragraph at lines 18--19
\OT1/cmr/m/it/10 flood-
 []


Overfull \hbox (13.2888pt too wide) in paragraph at lines 18--19
\OT1/cmr/m/it/10 ing
 []


Overfull \hbox (15.84436pt too wide) in paragraph at lines 18--19
\OT1/cmr/m/it/10 and
 []


Overfull \hbox (19.93321pt too wide) in paragraph at lines 18--19
\OT1/cmr/m/it/10 jam-
 []


Overfull \hbox (24.53319pt too wide) in paragraph at lines 18--19
\OT1/cmr/m/it/10 ming.
 []


Overfull \hbox (19.4221pt too wide) in paragraph at lines 18--19
\OT1/cmr/m/it/10 This
 []


Overfull \hbox (20.57208pt too wide) in paragraph at lines 18--19
\OT1/cmr/m/it/10 work
 []


Overfull \hbox (35.13863pt too wide) in paragraph at lines 18--19
\OT1/cmr/m/it/10 presents
 []


Overfull \hbox (5.11108pt too wide) in paragraph at lines 18--19
\OT1/cmr/m/it/10 a
 []


Overfull \hbox (22.7443pt too wide) in paragraph at lines 18--19
\OT1/cmr/m/it/10 study
 []


Overfull \hbox (8.17773pt too wide) in paragraph at lines 18--19
\OT1/cmr/m/it/10 of
 []


Overfull \hbox (12.26657pt too wide) in paragraph at lines 18--19
\OT1/cmr/m/it/10 se-
 []


Overfull \hbox (13.54434pt too wide) in paragraph at lines 18--19
\OT1/cmr/m/it/10 cu-
 []


Overfull \hbox (15.46098pt too wide) in paragraph at lines 18--19
\OT1/cmr/m/it/10 rity
 []


Overfull \hbox (8.68884pt too wide) in paragraph at lines 18--19
\OT1/cmr/m/it/10 in
 []


Overfull \hbox (10.73328pt too wide) in paragraph at lines 18--19
\OT1/cmr/m/it/10 an
 []


Overfull \hbox (16.12212pt too wide) in paragraph at lines 18--19
\OT1/cmr/m/it/10 IoT
 []


Overfull \hbox (17.12209pt too wide) in paragraph at lines 18--19
\OT1/cmr/m/it/10 net-
 []


Overfull \hbox (20.57208pt too wide) in paragraph at lines 18--19
\OT1/cmr/m/it/10 work
 []


Overfull \hbox (13.03325pt too wide) in paragraph at lines 18--19
\OT1/cmr/m/it/10 us-
 []


Overfull \hbox (13.2888pt too wide) in paragraph at lines 18--19
\OT1/cmr/m/it/10 ing
 []


Overfull \hbox (29.51643pt too wide) in paragraph at lines 18--19
\OT1/cmr/m/it/10 trusted
 []


Overfull \hbox (25.55536pt too wide) in paragraph at lines 18--19
\OT1/cmr/m/it/10 mech-
 []


Overfull \hbox (8.68883pt too wide) in paragraph at lines 18--19
\OT1/cmr/m/it/10 a-
 []


Overfull \hbox (25.04431pt too wide) in paragraph at lines 18--19
\OT1/cmr/m/it/10 nisms
 []


Overfull \hbox (8.43327pt too wide) in paragraph at lines 18--19
\OT1/cmr/m/it/10 to
 []


Overfull \hbox (22.36093pt too wide) in paragraph at lines 18--19
\OT1/cmr/m/it/10 grant
 []


Overfull \hbox (13.28879pt too wide) in paragraph at lines 18--19
\OT1/cmr/m/it/10 de-
 []


Overfull \hbox (21.97763pt too wide) in paragraph at lines 18--19
\OT1/cmr/m/it/10 fense
 []


Overfull \hbox (8.68884pt too wide) in paragraph at lines 18--19
\OT1/cmr/m/it/10 in
 []


Overfull \hbox (21.72206pt too wide) in paragraph at lines 18--19
\OT1/cmr/m/it/10 these
 []


Overfull \hbox (17.12209pt too wide) in paragraph at lines 18--19
\OT1/cmr/m/it/10 net-
 []


Overfull \hbox (27.7276pt too wide) in paragraph at lines 18--19
\OT1/cmr/m/it/10 works,
 []


Overfull \hbox (8.68884pt too wide) in paragraph at lines 18--19
\OT1/cmr/m/it/10 in
 []


Overfull \hbox (12.90546pt too wide) in paragraph at lines 18--19
\OT1/cmr/m/it/10 or-
 []


Overfull \hbox (13.92767pt too wide) in paragraph at lines 18--19
\OT1/cmr/m/it/10 der
 []


Overfull \hbox (8.43327pt too wide) in paragraph at lines 18--19
\OT1/cmr/m/it/10 to
 []


Overfull \hbox (10.22217pt too wide) in paragraph at lines 18--19
\OT1/cmr/m/it/10 do
 []


Overfull \hbox (19.9332pt too wide) in paragraph at lines 18--19
\OT1/cmr/m/it/10 that,
 []


Overfull \hbox (25.55536pt too wide) in paragraph at lines 18--19
\OT1/cmr/m/it/10 mech-
 []


Overfull \hbox (8.68883pt too wide) in paragraph at lines 18--19
\OT1/cmr/m/it/10 a-
 []


Overfull \hbox (25.04431pt too wide) in paragraph at lines 18--19
\OT1/cmr/m/it/10 nisms
 []


Overfull \hbox (14.82211pt too wide) in paragraph at lines 18--19
\OT1/cmr/m/it/10 like
 []


Overfull \hbox (5.11108pt too wide) in paragraph at lines 18--19
\OT1/cmr/m/it/10 a
 []


Overfull \hbox (16.611pt too wide) in paragraph at lines 18--19
\OT1/cmr/m/it/10 sys-
 []


Overfull \hbox (16.09988pt too wide) in paragraph at lines 18--19
\OT1/cmr/m/it/10 tem
 []


Overfull \hbox (8.43327pt too wide) in paragraph at lines 18--19
\OT1/cmr/m/it/10 to
 []


Overfull \hbox (13.28879pt too wide) in paragraph at lines 18--19
\OT1/cmr/m/it/10 de-
 []


Overfull \hbox (19.03874pt too wide) in paragraph at lines 18--19
\OT1/cmr/m/it/10 liver
 []


Overfull \hbox (13.79991pt too wide) in paragraph at lines 18--19
\OT1/cmr/m/it/10 ad-
 []


Overfull \hbox (33.34976pt too wide) in paragraph at lines 18--19
\OT1/cmr/m/it/10 dresses,
 []


Overfull \hbox (35.77754pt too wide) in paragraph at lines 18--19
\OT1/cmr/m/it/10 whitelist
 []


Overfull \hbox (16.61098pt too wide) in paragraph at lines 18--19
\OT1/cmr/m/it/10 pat-
 []


Overfull \hbox (17.76097pt too wide) in paragraph at lines 18--19
\OT1/cmr/m/it/10 tern
 []


Overfull \hbox (15.84436pt too wide) in paragraph at lines 18--19
\OT1/cmr/m/it/10 and
 []


Overfull \hbox (20.57207pt too wide) in paragraph at lines 18--19
\OT1/cmr/m/it/10 crip-
 []


Overfull \hbox (16.09985pt too wide) in paragraph at lines 18--19
\OT1/cmr/m/it/10 tog-
 []


Overfull \hbox (12.39433pt too wide) in paragraph at lines 18--19
\OT1/cmr/m/it/10 ra-
 []


Overfull \hbox (15.07768pt too wide) in paragraph at lines 18--19
\OT1/cmr/m/it/10 phy
 []


Overfull \hbox (13.41655pt too wide) in paragraph at lines 18--19
\OT1/cmr/m/it/10 are
 []


Overfull \hbox (14.82213pt too wide) in paragraph at lines 18--19
\OT1/cmr/m/it/10 im-
 []


Overfull \hbox (15.84433pt too wide) in paragraph at lines 18--19
\OT1/cmr/m/it/10 ple-
 []


Overfull \hbox (33.98865pt too wide) in paragraph at lines 18--19
\OT1/cmr/m/it/10 mented.
 []


Overfull \hbox (14.96098pt too wide) in paragraph at lines 18--19
\OT1/cmr/m/it/10 Re-
 []


Overfull \hbox (19.4221pt too wide) in paragraph at lines 18--19
\OT1/cmr/m/it/10 sults
 []


Overfull \hbox (11.88321pt too wide) in paragraph at lines 18--19
\OT1/cmr/m/it/10 re-
 []


Overfull \hbox (16.35542pt too wide) in paragraph at lines 18--19
\OT1/cmr/m/it/10 veal
 []


Overfull \hbox (16.86655pt too wide) in paragraph at lines 18--19
\OT1/cmr/m/it/10 that
 []


Overfull \hbox (25.55536pt too wide) in paragraph at lines 18--19
\OT1/cmr/m/it/10 mech-
 []


Overfull \hbox (8.68883pt too wide) in paragraph at lines 18--19
\OT1/cmr/m/it/10 a-
 []


Overfull \hbox (25.04431pt too wide) in paragraph at lines 18--19
\OT1/cmr/m/it/10 nisms
 []


Overfull \hbox (13.79991pt too wide) in paragraph at lines 18--19
\OT1/cmr/m/it/10 ap-
 []


Overfull \hbox (24.78871pt too wide) in paragraph at lines 18--19
\OT1/cmr/m/it/10 plyied
 []


Overfull \hbox (13.41655pt too wide) in paragraph at lines 18--19
\OT1/cmr/m/it/10 are
 []


Overfull \hbox (11.24435pt too wide) in paragraph at lines 18--19
\OT1/cmr/m/it/10 ef-
 []


Overfull \hbox (15.33319pt too wide) in paragraph at lines 18--19
\OT1/cmr/m/it/10 fec-
 []


Overfull \hbox (22.99982pt too wide) in paragraph at lines 18--19
\OT1/cmr/m/it/10 tively
 []


Overfull \hbox (24.4054pt too wide) in paragraph at lines 18--19
\OT1/cmr/m/it/10 worth
 []


Overfull \hbox (15.84436pt too wide) in paragraph at lines 18--19
\OT1/cmr/m/it/10 and
 []


Overfull \hbox (22.36093pt too wide) in paragraph at lines 18--19
\OT1/cmr/m/it/10 grant
 []


Overfull \hbox (5.11108pt too wide) in paragraph at lines 18--19
\OT1/cmr/m/it/10 a
 []


Overfull \hbox (12.77766pt too wide) in paragraph at lines 18--19
\OT1/cmr/m/it/10 ba-
 []


Overfull \hbox (11.75548pt too wide) in paragraph at lines 18--19
\OT1/cmr/m/it/10 sic
 []


Overfull \hbox (12.26657pt too wide) in paragraph at lines 18--19
\OT1/cmr/m/it/10 se-
 []


Overfull \hbox (13.54434pt too wide) in paragraph at lines 18--19
\OT1/cmr/m/it/10 cu-
 []


Overfull \hbox (15.46098pt too wide) in paragraph at lines 18--19
\OT1/cmr/m/it/10 rity
 []


Overfull \hbox (8.43327pt too wide) in paragraph at lines 18--19
\OT1/cmr/m/it/10 to
 []


Overfull \hbox (13.03323pt too wide) in paragraph at lines 18--19
\OT1/cmr/m/it/10 the
 []


Overfull \hbox (17.12209pt too wide) in paragraph at lines 18--19
\OT1/cmr/m/it/10 net-
 []


Overfull \hbox (23.63873pt too wide) in paragraph at lines 18--19
\OT1/cmr/m/it/10 work.
 []


Overfull \hbox (21.72209pt too wide) in paragraph at lines 18--19
\OT1/cmr/m/it/10 Thus
 []


Overfull \hbox (14.82211pt too wide) in paragraph at lines 18--19
\OT1/cmr/m/it/10 can
 []


Overfull \hbox (8.6888pt too wide) in paragraph at lines 18--19
\OT1/cmr/m/it/10 be
 []


Overfull \hbox (18.65543pt too wide) in paragraph at lines 18--19
\OT1/cmr/m/it/10 used
 []


Overfull \hbox (8.43327pt too wide) in paragraph at lines 18--19
\OT1/cmr/m/it/10 to
 []


Overfull \hbox (12.26657pt too wide) in paragraph at lines 18--19
\OT1/cmr/m/it/10 se-
 []


Overfull \hbox (18.27206pt too wide) in paragraph at lines 18--19
\OT1/cmr/m/it/10 cure
 []


Overfull \hbox (20.21098pt too wide) in paragraph at lines 18--19
\OT1/cmr/m/it/10 IoTs
 []


Overfull \hbox (17.12209pt too wide) in paragraph at lines 18--19
\OT1/cmr/m/it/10 net-
 []


Overfull \hbox (27.7276pt too wide) in paragraph at lines 18--19
\OT1/cmr/m/it/10 works. 
 []


! LaTeX Error: The font size command \normalsize is not defined:
               there is probably something wrong with the class file.

See the LaTeX manual or LaTeX Companion for explanation.
Type  H <return>  for immediate help.
 ...                                              
                                                  
l.19 
     
Your command was ignored.
Type  I <command> <return>  to replace it with another command,
or  <return>  to continue without it.

[1{/var/lib/texmf/fonts/map/pdftex/updmap/pdftex.map}]
! Undefined control sequence.
<argument> \onelineskip 
                        
l.20 	    \vspace{\onelineskip}
                               
The control sequence at the end of the top line
of your error message was never \def'ed. If you have
misspelled it (e.g., `\hobx'), type `I' and the correct
spelling (e.g., `I\hbox'). Otherwise just continue,
and I'll forget about whatever was undefined.

! Missing number, treated as zero.
<to be read again> 
                   \vskip 
l.20 	    \vspace{\onelineskip}
                               
A number should have been here; I inserted `0'.
(If you can't figure out why I needed to see a number,
look up `weird error' in the index to The TeXbook.)

! Illegal unit of measure (pt inserted).
<to be read again> 
                   \vskip 
l.20 	    \vspace{\onelineskip}
                               
Dimensions can be in units of em, ex, in, pt, pc,
cm, mm, dd, cc, nd, nc, bp, or sp; but yours is a new one!
I'll assume that you meant to say pt, for printer's points.
To recover gracefully from this error, it's best to
delete the erroneous units; e.g., type `2' to delete
two letters. (See Chapter 27 of The TeXbook.)


! LaTeX Error: Missing \begin{document}.

See the LaTeX manual or LaTeX Companion for explanation.
Type  H <return>  for immediate help.
 ...                                              
                                                  
l.21 	    \noindent
                   
You're in trouble here.  Try typing  <return>  to proceed.
If that doesn't work, type  X <return>  to quit.

Missing character: There is no : in font nullfont!
Missing character: There is no I in font nullfont!
Missing character: There is no o in font nullfont!
Missing character: There is no T in font nullfont!
Missing character: There is no , in font nullfont!
Missing character: There is no I in font nullfont!
Missing character: There is no n in font nullfont!
Missing character: There is no t in font nullfont!
Missing character: There is no e in font nullfont!
Missing character: There is no r in font nullfont!
Missing character: There is no n in font nullfont!
Missing character: There is no e in font nullfont!
Missing character: There is no t in font nullfont!
Missing character: There is no o in font nullfont!
Missing character: There is no f in font nullfont!
Missing character: There is no T in font nullfont!
Missing character: There is no h in font nullfont!
Missing character: There is no i in font nullfont!
Missing character: There is no n in font nullfont!
Missing character: There is no g in font nullfont!
Missing character: There is no s in font nullfont!
Missing character: There is no , in font nullfont!
Missing character: There is no S in font nullfont!
Missing character: There is no e in font nullfont!
Missing character: There is no c in font nullfont!
Missing character: There is no u in font nullfont!
Missing character: There is no r in font nullfont!
Missing character: There is no i in font nullfont!
Missing character: There is no t in font nullfont!
Missing character: There is no y in font nullfont!
Missing character: There is no , in font nullfont!
Missing character: There is no D in font nullfont!
Missing character: There is no o in font nullfont!
Missing character: There is no S in font nullfont!
Missing character: There is no , in font nullfont!
Missing character: There is no F in font nullfont!
Missing character: There is no l in font nullfont!
Missing character: There is no o in font nullfont!
Missing character: There is no o in font nullfont!
Missing character: There is no d in font nullfont!
Missing character: There is no i in font nullfont!
Missing character: There is no n in font nullfont!
Missing character: There is no g in font nullfont!
Missing character: There is no , in font nullfont!
Missing character: There is no J in font nullfont!
Missing character: There is no a in font nullfont!
Missing character: There is no m in font nullfont!
Missing character: There is no m in font nullfont!
Missing character: There is no i in font nullfont!
Missing character: There is no n in font nullfont!
Missing character: There is no g in font nullfont!
Missing character: There is no , in font nullfont!
Missing character: There is no S in font nullfont!
Missing character: There is no n in font nullfont!
Missing character: There is no i in font nullfont!
Missing character: There is no f in font nullfont!
Missing character: There is no f in font nullfont!
Missing character: There is no i in font nullfont!
Missing character: There is no n in font nullfont!
Missing character: There is no g in font nullfont!
Missing character: There is no , in font nullfont!
Missing character: There is no M in font nullfont!
Missing character: There is no a in font nullfont!
Missing character: There is no n in font nullfont!
Missing character: There is no i in font nullfont!
Missing character: There is no n in font nullfont!
Missing character: There is no t in font nullfont!
Missing character: There is no h in font nullfont!
Missing character: There is no e in font nullfont!
Missing character: There is no M in font nullfont!
Missing character: There is no i in font nullfont!
Missing character: There is no d in font nullfont!
Missing character: There is no d in font nullfont!
Missing character: There is no l in font nullfont!
Missing character: There is no e in font nullfont!
Missing character: There is no , in font nullfont!
Missing character: There is no W in font nullfont!
Missing character: There is no h in font nullfont!
Missing character: There is no i in font nullfont!
Missing character: There is no t in font nullfont!
Missing character: There is no e in font nullfont!
Missing character: There is no l in font nullfont!
Missing character: There is no i in font nullfont!
Missing character: There is no s in font nullfont!
Missing character: There is no t in font nullfont!
Missing character: There is no , in font nullfont!
Missing character: There is no W in font nullfont!
Missing character: There is no i in font nullfont!
Missing character: There is no r in font nullfont!
Missing character: There is no e in font nullfont!
Missing character: There is no l in font nullfont!
Missing character: There is no e in font nullfont!
Missing character: There is no s in font nullfont!
Missing character: There is no s in font nullfont!
Missing character: There is no M in font nullfont!
Missing character: There is no e in font nullfont!
Missing character: There is no s in font nullfont!
Missing character: There is no h in font nullfont!
Missing character: There is no N in font nullfont!
Missing character: There is no e in font nullfont!
Missing character: There is no t in font nullfont!
Missing character: There is no w in font nullfont!
Missing character: There is no o in font nullfont!
Missing character: There is no r in font nullfont!
Missing character: There is no k in font nullfont!
Missing character: There is no s in font nullfont!
Missing character: There is no . in font nullfont!

! LaTeX Error: \begin{document} ended by \end{resumo}.

See the LaTeX manual or LaTeX Companion for explanation.
Type  H <return>  for immediate help.
 ...                                              
                                                  
l.25 \end{resumo}
                 
Your command was ignored.
Type  I <command> <return>  to replace it with another command,
or  <return>  to continue without it.

)
! Emergency stop.
<*> pre_resumos.tex
                   
*** (job aborted, no legal \end found)

 
Here is how much of TeX's memory you used:
 33 strings out of 494862
 424 string characters out of 6178946
 55576 words of memory out of 5000000
 3457 multiletter control sequences out of 15000+600000
 4294 words of font info for 16 fonts, out of 8000000 for 9000
 38 hyphenation exceptions out of 8191
 16i,4n,16p,1244b,153s stack positions out of 5000i,500n,10000p,200000b,80000s
!  ==> Fatal error occurred, no output PDF file produced!
